HELLO
/usr/local/lib/R/bin/R: line 8: uname: command not found
Registered S3 method overwritten by 'quantmod':
  method            from
  as.zoo.data.frame zoo 
NZD/USD: 1 of 570
NZD/AFN: 2 of 570
NZD/ALL: 3 of 570
NZD/DZD: 4 of 570
NZD/ADF: 5 of 570
NZD/ADP: 6 of 570
NZD/AOA: 7 of 570
NZD/AON: 8 of 570
NZD/ARS: 9 of 570
NZD/AMD: 10 of 570
NZD/AWG: 11 of 570
NZD/AUD: 12 of 570
NZD/ATS: 13 of 570
NZD/AZM: 14 of 570
NZD/AZN: 15 of 570
NZD/BSD: 16 of 570
NZD/BHD: 17 of 570
NZD/BDT: 18 of 570
NZD/BBD: 19 of 570
NZD/BYR: 20 of 570
NZD/BEF: 21 of 570
NZD/BZD: 22 of 570
NZD/BMD: 23 of 570
NZD/BTN: 24 of 570
NZD/BOB: 25 of 570
NZD/BAM: 26 of 570
NZD/BWP: 27 of 570
NZD/BRL: 28 of 570
NZD/GBP: 29 of 570
NZD/BND: 30 of 570
NZD/BGN: 31 of 570
NZD/BIF: 32 of 570
NZD/XOF: 33 of 570
NZD/XAF: 34 of 570
NZD/XPF: 35 of 570
NZD/KHR: 36 of 570
NZD/CAD: 37 of 570
NZD/CVE: 38 of 570
NZD/KYD: 39 of 570
NZD/CLP: 40 of 570
NZD/CNY: 41 of 570
NZD/COP: 42 of 570
NZD/KMF: 43 of 570
NZD/CDF: 44 of 570
NZD/CRC: 45 of 570
NZD/HRK: 46 of 570
NZD/CUC: 47 of 570
NZD/CUP: 48 of 570
NZD/CYP: 49 of 570
NZD/CZK: 50 of 570
NZD/DKK: 51 of 570
NZD/DJF: 52 of 570
NZD/DOP: 53 of 570
NZD/NLG: 54 of 570
NZD/XEU: 55 of 570
NZD/XCD: 56 of 570
NZD/ECS: 57 of 570
NZD/EGP: 58 of 570
NZD/SVC: 59 of 570
NZD/EEK: 60 of 570
NZD/ETB: 61 of 570
NZD/EUR: 62 of 570
NZD/FKP: 63 of 570
NZD/FJD: 64 of 570
NZD/FIM: 65 of 570
NZD/FRF: 66 of 570
NZD/GMD: 67 of 570
NZD/GEL: 68 of 570
NZD/DEM: 69 of 570
NZD/GHC: 70 of 570
NZD/GHS: 71 of 570
NZD/GIP: 72 of 570
NZD/XAU: 73 of 570
NZD/GRD: 74 of 570
NZD/GTQ: 75 of 570
NZD/GNF: 76 of 570
NZD/GYD: 77 of 570
NZD/HTG: 78 of 570
NZD/HNL: 79 of 570
NZD/HKD: 80 of 570
NZD/HUF: 81 of 570
NZD/ISK: 82 of 570
NZD/INR: 83 of 570
NZD/IDR: 84 of 570
NZD/IRR: 85 of 570
NZD/IQD: 86 of 570
NZD/IEP: 87 of 570
NZD/ILS: 88 of 570
NZD/ITL: 89 of 570
NZD/JMD: 90 of 570
NZD/JPY: 91 of 570
NZD/JOD: 92 of 570
NZD/KZT: 93 of 570
NZD/KES: 94 of 570
NZD/KWD: 95 of 570
NZD/KGS: 96 of 570
NZD/LAK: 97 of 570
NZD/LVL: 98 of 570
NZD/LBP: 99 of 570
NZD/LSL: 100 of 570
NZD/LRD: 101 of 570
NZD/LYD: 102 of 570
NZD/LTL: 103 of 570
NZD/LUF: 104 of 570
NZD/MOP: 105 of 570
NZD/MKD: 106 of 570
NZD/MGA: 107 of 570
NZD/MGF: 108 of 570
NZD/MWK: 109 of 570
NZD/MYR: 110 of 570
NZD/MVR: 111 of 570
NZD/MTL: 112 of 570
NZD/MRO: 113 of 570
NZD/MUR: 114 of 570
NZD/MXN: 115 of 570
NZD/MDL: 116 of 570
NZD/MNT: 117 of 570
NZD/MAD: 118 of 570
NZD/MZM: 119 of 570
NZD/MZN: 120 of 570
NZD/MMK: 121 of 570
NZD/ANG: 122 of 570
NZD/NAD: 123 of 570
NZD/NPR: 124 of 570
NZD/NIO: 125 of 570
NZD/NGN: 126 of 570
NZD/KPW: 127 of 570
NZD/NOK: 128 of 570
NZD/OMR: 129 of 570
NZD/PKR: 130 of 570
NZD/XPD: 131 of 570
NZD/PAB: 132 of 570
NZD/PGK: 133 of 570
NZD/PYG: 134 of 570
NZD/PEN: 135 of 570
NZD/PHP: 136 of 570
NZD/XPT: 137 of 570
NZD/PLN: 138 of 570
NZD/PTE: 139 of 570
NZD/QAR: 140 of 570
NZD/ROL: 141 of 570
NZD/RON: 142 of 570
NZD/RUB: 143 of 570
NZD/RWF: 144 of 570
NZD/WST: 145 of 570
NZD/STD: 146 of 570
NZD/SAR: 147 of 570
NZD/RSD: 148 of 570
NZD/SCR: 149 of 570
NZD/SLL: 150 of 570
NZD/XAG: 151 of 570
NZD/SGD: 152 of 570
NZD/SKK: 153 of 570
NZD/SIT: 154 of 570
NZD/SBD: 155 of 570
NZD/SOS: 156 of 570
NZD/ZAR: 157 of 570
NZD/KRW: 158 of 570
NZD/ESP: 159 of 570
NZD/LKR: 160 of 570
NZD/SHP: 161 of 570
NZD/SDD: 162 of 570
NZD/SDP: 163 of 570
NZD/SDG: 164 of 570
NZD/SRD: 165 of 570
NZD/SRG: 166 of 570
NZD/SZL: 167 of 570
NZD/SEK: 168 of 570
NZD/CHF: 169 of 570
NZD/SYP: 170 of 570
NZD/TWD: 171 of 570
NZD/TZS: 172 of 570
NZD/THB: 173 of 570
NZD/TOP: 174 of 570
NZD/TTD: 175 of 570
NZD/TND: 176 of 570
NZD/TRL: 177 of 570
NZD/TRY: 178 of 570
NZD/TMM: 179 of 570
NZD/UGX: 180 of 570
NZD/UAH: 181 of 570
NZD/UYU: 182 of 570
NZD/AED: 183 of 570
NZD/VUV: 184 of 570
NZD/VEB: 185 of 570
NZD/VND: 186 of 570
NZD/YER: 187 of 570
NZD/YUN: 188 of 570
NZD/ZMK: 189 of 570
NZD/ZWD: 190 of 570
AUD/USD: 191 of 570
AUD/AFN: 192 of 570
AUD/ALL: 193 of 570
AUD/DZD: 194 of 570
AUD/ADF: 195 of 570
AUD/ADP: 196 of 570
AUD/AOA: 197 of 570
AUD/AON: 198 of 570
AUD/ARS: 199 of 570
AUD/AMD: 200 of 570
AUD/AWG: 201 of 570
AUD/ATS: 202 of 570
AUD/AZM: 203 of 570
AUD/AZN: 204 of 570
AUD/BSD: 205 of 570
AUD/BHD: 206 of 570
AUD/BDT: 207 of 570
AUD/BBD: 208 of 570
AUD/BYR: 209 of 570
AUD/BEF: 210 of 570
AUD/BZD: 211 of 570
AUD/BMD: 212 of 570
AUD/BTN: 213 of 570
AUD/BOB: 214 of 570
AUD/BAM: 215 of 570
AUD/BWP: 216 of 570
AUD/BRL: 217 of 570
AUD/GBP: 218 of 570
AUD/BND: 219 of 570
AUD/BGN: 220 of 570
AUD/BIF: 221 of 570
AUD/XOF: 222 of 570
AUD/XAF: 223 of 570
AUD/XPF: 224 of 570
AUD/KHR: 225 of 570
AUD/CAD: 226 of 570
AUD/CVE: 227 of 570
AUD/KYD: 228 of 570
AUD/CLP: 229 of 570
AUD/CNY: 230 of 570
AUD/COP: 231 of 570
AUD/KMF: 232 of 570
AUD/CDF: 233 of 570
AUD/CRC: 234 of 570
AUD/HRK: 235 of 570
AUD/CUC: 236 of 570
AUD/CUP: 237 of 570
AUD/CYP: 238 of 570
AUD/CZK: 239 of 570
AUD/DKK: 240 of 570
AUD/DJF: 241 of 570
AUD/DOP: 242 of 570
AUD/NLG: 243 of 570
AUD/XEU: 244 of 570
AUD/XCD: 245 of 570
AUD/ECS: 246 of 570
AUD/EGP: 247 of 570
AUD/SVC: 248 of 570
AUD/EEK: 249 of 570
AUD/ETB: 250 of 570
AUD/EUR: 251 of 570
AUD/FKP: 252 of 570
AUD/FJD: 253 of 570
AUD/FIM: 254 of 570
AUD/FRF: 255 of 570
AUD/GMD: 256 of 570
AUD/GEL: 257 of 570
AUD/DEM: 258 of 570
AUD/GHC: 259 of 570
AUD/GHS: 260 of 570
AUD/GIP: 261 of 570
AUD/XAU: 262 of 570
AUD/GRD: 263 of 570
AUD/GTQ: 264 of 570
AUD/GNF: 265 of 570
AUD/GYD: 266 of 570
AUD/HTG: 267 of 570
AUD/HNL: 268 of 570
AUD/HKD: 269 of 570
AUD/HUF: 270 of 570
AUD/ISK: 271 of 570
AUD/INR: 272 of 570
AUD/IDR: 273 of 570
AUD/IRR: 274 of 570
AUD/IQD: 275 of 570
AUD/IEP: 276 of 570
AUD/ILS: 277 of 570
AUD/ITL: 278 of 570
AUD/JMD: 279 of 570
AUD/JPY: 280 of 570
AUD/JOD: 281 of 570
AUD/KZT: 282 of 570
AUD/KES: 283 of 570
AUD/KWD: 284 of 570
AUD/KGS: 285 of 570
AUD/LAK: 286 of 570
AUD/LVL: 287 of 570
AUD/LBP: 288 of 570
AUD/LSL: 289 of 570
AUD/LRD: 290 of 570
AUD/LYD: 291 of 570
AUD/LTL: 292 of 570
AUD/LUF: 293 of 570
AUD/MOP: 294 of 570
AUD/MKD: 295 of 570
AUD/MGA: 296 of 570
AUD/MGF: 297 of 570
AUD/MWK: 298 of 570
AUD/MYR: 299 of 570
AUD/MVR: 300 of 570
AUD/MTL: 301 of 570
AUD/MRO: 302 of 570
AUD/MUR: 303 of 570
AUD/MXN: 304 of 570
AUD/MDL: 305 of 570
AUD/MNT: 306 of 570
AUD/MAD: 307 of 570
AUD/MZM: 308 of 570
AUD/MZN: 309 of 570
AUD/MMK: 310 of 570
AUD/ANG: 311 of 570
AUD/NAD: 312 of 570
AUD/NPR: 313 of 570
AUD/NZD: 314 of 570
AUD/NIO: 315 of 570
AUD/NGN: 316 of 570
AUD/KPW: 317 of 570
AUD/NOK: 318 of 570
AUD/OMR: 319 of 570
AUD/PKR: 320 of 570
AUD/XPD: 321 of 570
AUD/PAB: 322 of 570
AUD/PGK: 323 of 570
AUD/PYG: 324 of 570
AUD/PEN: 325 of 570
AUD/PHP: 326 of 570
AUD/XPT: 327 of 570
AUD/PLN: 328 of 570
AUD/PTE: 329 of 570
AUD/QAR: 330 of 570
AUD/ROL: 331 of 570
AUD/RON: 332 of 570
AUD/RUB: 333 of 570
AUD/RWF: 334 of 570
AUD/WST: 335 of 570
AUD/STD: 336 of 570
AUD/SAR: 337 of 570
AUD/RSD: 338 of 570
AUD/SCR: 339 of 570
AUD/SLL: 340 of 570
AUD/XAG: 341 of 570
AUD/SGD: 342 of 570
AUD/SKK: 343 of 570
AUD/SIT: 344 of 570
AUD/SBD: 345 of 570
AUD/SOS: 346 of 570
AUD/ZAR: 347 of 570
AUD/KRW: 348 of 570
AUD/ESP: 349 of 570
AUD/LKR: 350 of 570
AUD/SHP: 351 of 570
AUD/SDD: 352 of 570
AUD/SDP: 353 of 570
AUD/SDG: 354 of 570
AUD/SRD: 355 of 570
AUD/SRG: 356 of 570
AUD/SZL: 357 of 570
AUD/SEK: 358 of 570
AUD/CHF: 359 of 570
AUD/SYP: 360 of 570
AUD/TWD: 361 of 570
AUD/TZS: 362 of 570
AUD/THB: 363 of 570
AUD/TOP: 364 of 570
AUD/TTD: 365 of 570
AUD/TND: 366 of 570
AUD/TRL: 367 of 570
AUD/TRY: 368 of 570
AUD/TMM: 369 of 570
AUD/UGX: 370 of 570
AUD/UAH: 371 of 570
AUD/UYU: 372 of 570
AUD/AED: 373 of 570
AUD/VUV: 374 of 570
AUD/VEB: 375 of 570
AUD/VND: 376 of 570
AUD/YER: 377 of 570
AUD/YUN: 378 of 570
AUD/ZMK: 379 of 570
AUD/ZWD: 380 of 570
USD/AFN: 381 of 570
USD/ALL: 382 of 570
USD/DZD: 383 of 570
USD/ADF: 384 of 570
USD/ADP: 385 of 570
USD/AOA: 386 of 570
USD/AON: 387 of 570
USD/ARS: 388 of 570
USD/AMD: 389 of 570
USD/AWG: 390 of 570
USD/AUD: 391 of 570
USD/ATS: 392 of 570
USD/AZM: 393 of 570
USD/AZN: 394 of 570
USD/BSD: 395 of 570
USD/BHD: 396 of 570
USD/BDT: 397 of 570
USD/BBD: 398 of 570
USD/BYR: 399 of 570
USD/BEF: 400 of 570
USD/BZD: 401 of 570
USD/BMD: 402 of 570
USD/BTN: 403 of 570
USD/BOB: 404 of 570
USD/BAM: 405 of 570
USD/BWP: 406 of 570
USD/BRL: 407 of 570
USD/GBP: 408 of 570
USD/BND: 409 of 570
USD/BGN: 410 of 570
USD/BIF: 411 of 570
USD/XOF: 412 of 570
USD/XAF: 413 of 570
USD/XPF: 414 of 570
USD/KHR: 415 of 570
USD/CAD: 416 of 570
USD/CVE: 417 of 570
USD/KYD: 418 of 570
USD/CLP: 419 of 570
USD/CNY: 420 of 570
USD/COP: 421 of 570
USD/KMF: 422 of 570
USD/CDF: 423 of 570
USD/CRC: 424 of 570
USD/HRK: 425 of 570
USD/CUC: 426 of 570
USD/CUP: 427 of 570
USD/CYP: 428 of 570
USD/CZK: 429 of 570
USD/DKK: 430 of 570
USD/DJF: 431 of 570
USD/DOP: 432 of 570
USD/NLG: 433 of 570
USD/XEU: 434 of 570
USD/XCD: 435 of 570
USD/ECS: 436 of 570
USD/EGP: 437 of 570
USD/SVC: 438 of 570
USD/EEK: 439 of 570
USD/ETB: 440 of 570
USD/EUR: 441 of 570
USD/FKP: 442 of 570
USD/FJD: 443 of 570
USD/FIM: 444 of 570
USD/FRF: 445 of 570
USD/GMD: 446 of 570
USD/GEL: 447 of 570
USD/DEM: 448 of 570
USD/GHC: 449 of 570
USD/GHS: 450 of 570
USD/GIP: 451 of 570
USD/XAU: 452 of 570
USD/GRD: 453 of 570
USD/GTQ: 454 of 570
USD/GNF: 455 of 570
USD/GYD: 456 of 570
USD/HTG: 457 of 570
USD/HNL: 458 of 570
USD/HKD: 459 of 570
USD/HUF: 460 of 570
USD/ISK: 461 of 570
USD/INR: 462 of 570
USD/IDR: 463 of 570
USD/IRR: 464 of 570
USD/IQD: 465 of 570
USD/IEP: 466 of 570
USD/ILS: 467 of 570
USD/ITL: 468 of 570
USD/JMD: 469 of 570
USD/JPY: 470 of 570
USD/JOD: 471 of 570
USD/KZT: 472 of 570
USD/KES: 473 of 570
USD/KWD: 474 of 570
USD/KGS: 475 of 570
USD/LAK: 476 of 570
USD/LVL: 477 of 570
USD/LBP: 478 of 570
USD/LSL: 479 of 570
USD/LRD: 480 of 570
USD/LYD: 481 of 570
USD/LTL: 482 of 570
USD/LUF: 483 of 570
USD/MOP: 484 of 570
USD/MKD: 485 of 570
USD/MGA: 486 of 570
USD/MGF: 487 of 570
USD/MWK: 488 of 570
USD/MYR: 489 of 570
USD/MVR: 490 of 570
USD/MTL: 491 of 570
USD/MRO: 492 of 570
USD/MUR: 493 of 570
USD/MXN: 494 of 570
USD/MDL: 495 of 570
USD/MNT: 496 of 570
USD/MAD: 497 of 570
USD/MZM: 498 of 570
USD/MZN: 499 of 570
USD/MMK: 500 of 570
USD/ANG: 501 of 570
USD/NAD: 502 of 570
USD/NPR: 503 of 570
USD/NZD: 504 of 570
USD/NIO: 505 of 570
USD/NGN: 506 of 570
USD/KPW: 507 of 570
USD/NOK: 508 of 570
USD/OMR: 509 of 570
USD/PKR: 510 of 570
USD/XPD: 511 of 570
USD/PAB: 512 of 570
USD/PGK: 513 of 570
USD/PYG: 514 of 570
USD/PEN: 515 of 570
USD/PHP: 516 of 570
USD/XPT: 517 of 570
USD/PLN: 518 of 570
USD/PTE: 519 of 570
USD/QAR: 520 of 570
USD/ROL: 521 of 570
USD/RON: 522 of 570
USD/RUB: 523 of 570
USD/RWF: 524 of 570
USD/WST: 525 of 570
USD/STD: 526 of 570
USD/SAR: 527 of 570
USD/RSD: 528 of 570
USD/SCR: 529 of 570
USD/SLL: 530 of 570
USD/XAG: 531 of 570
USD/SGD: 532 of 570
USD/SKK: 533 of 570
USD/SIT: 534 of 570
USD/SBD: 535 of 570
USD/SOS: 536 of 570
USD/ZAR: 537 of 570
USD/KRW: 538 of 570
USD/ESP: 539 of 570
USD/LKR: 540 of 570
USD/SHP: 541 of 570
USD/SDD: 542 of 570
USD/SDP: 543 of 570
USD/SDG: 544 of 570
USD/SRD: 545 of 570
USD/SRG: 546 of 570
USD/SZL: 547 of 570
USD/SEK: 548 of 570
USD/CHF: 549 of 570
USD/SYP: 550 of 570
USD/TWD: 551 of 570
USD/TZS: 552 of 570
USD/THB: 553 of 570
USD/TOP: 554 of 570
USD/TTD: 555 of 570
USD/TND: 556 of 570
USD/TRL: 557 of 570
USD/TRY: 558 of 570
USD/TMM: 559 of 570
USD/UGX: 560 of 570
USD/UAH: 561 of 570
USD/UYU: 562 of 570
USD/AED: 563 of 570
USD/VUV: 564 of 570
USD/VEB: 565 of 570
USD/VND: 566 of 570
USD/YER: 567 of 570
USD/YUN: 568 of 570
USD/ZMK: 569 of 570
USD/ZWD: 570 of 570
[1] "SUCCESS"
sh: 1: rm: not found
